  compilation object save succeeded; see C:\Users\pefer\Documents\GitHub\Athru\AthruRewrite\Athru\Athru\Colorizer.cso
  compilation object save succeeded; see C:\Users\pefer\Documents\GitHub\Athru\AthruRewrite\Athru\Athru\PostColorizer.cso
  compilation object save succeeded; see C:\Users\pefer\Documents\GitHub\Athru\AthruRewrite\Athru\Athru\PostVertPlotter.cso
  compilation object save succeeded; see C:\Users\pefer\Documents\GitHub\Athru\AthruRewrite\Athru\Athru\PlanetarySceneBuilder.cso
  compilation object save succeeded; see C:\Users\pefer\Documents\GitHub\Athru\AthruRewrite\Athru\Athru\PracticeSceneBuilder.cso
  compilation object save succeeded; see C:\Users\pefer\Documents\GitHub\Athru\AthruRewrite\Athru\Athru\VertPlotter.cso
  VoxelGrid.cpp
  SceneVertex.cpp
  TextureManager.cpp
  Shader.cpp
  RenderServiceCentre.cpp
  RenderManager.cpp
  Rasterizer.cpp
  PostVertex.cpp
  PostProcessor.cpp
  Mesh.cpp
  Direct3D.cpp
  Critter.cpp
  Camera.cpp
  ScreenRect.cpp
  WICTextureLoader.cpp
  Generating Code...
  RenderLib.vcxproj -> C:\Users\pefer\Documents\GitHub\Athru\AthruRewrite\Athru\Athru Rendering\RenderLib\RenderLib\x64\Debug\RenderLib.lib
