c:\users\paul\documents\github\athru\athru\athru\x64\debug\vc141.pdb
c:\users\paul\documents\github\athru\athru\athru\x64\debug\vc141.idb
c:\users\paul\documents\github\athru\athru\athru\x64\debug\scene.nativecodeanalysis.xml
c:\users\paul\documents\github\athru\athru\athru\x64\debug\hilevelservicecentre.nativecodeanalysis.xml
c:\users\paul\documents\github\athru\athru\athru\x64\debug\athru.nativecodeanalysis.xml
c:\users\paul\documents\github\athru\athru\athru\x64\debug\athru.obj
c:\users\paul\documents\github\athru\athru\athru\x64\debug\hilevelservicecentre.obj
c:\users\paul\documents\github\athru\athru\athru\x64\debug\scene.obj
c:\users\paul\documents\github\athru\athru\athru\x64\debug\system.nativecodeanalysis.xml
c:\users\paul\documents\github\athru\athru\athru\x64\debug\star.nativecodeanalysis.xml
c:\users\paul\documents\github\athru\athru\athru\x64\debug\planet.nativecodeanalysis.xml
c:\users\paul\documents\github\athru\athru\athru\x64\debug\galaxy.nativecodeanalysis.xml
c:\users\paul\documents\github\athru\athru\athru\x64\debug\galaxy.obj
c:\users\paul\documents\github\athru\athru\athru\x64\debug\planet.obj
c:\users\paul\documents\github\athru\athru\athru\x64\debug\star.obj
c:\users\paul\documents\github\athru\athru\athru\x64\debug\system.obj
c:\users\paul\documents\github\athru\athru\athru\x64\debug\critter.obj
c:\users\paul\documents\github\athru\athru\athru\x64\debug\nativecodeanalysis.read.1.tlog
c:\users\paul\documents\github\athru\athru\athru\x64\debug\critter.nativecodeanalysis.xml
c:\users\paul\documents\github\athru\athru\athru\x64\debug\vc.nativecodeanalysis.all.xml
c:\users\paul\documents\github\athru\athru\x64\debug\athru.pdb
c:\users\paul\documents\github\athru\athru\x64\debug\athru.exe
c:\users\paul\documents\github\athru\athru\x64\debug\athru.ilk
c:\users\paul\documents\github\athru\athru\x64\debug\athru.exe.lastcodeanalysissucceeded
c:\users\paul\documents\github\athru\athru\athru\x64\debug\athru.tlog\cl.command.1.tlog
c:\users\paul\documents\github\athru\athru\athru\x64\debug\athru.tlog\cl.read.1.tlog
c:\users\paul\documents\github\athru\athru\athru\x64\debug\athru.tlog\cl.write.1.tlog
c:\users\paul\documents\github\athru\athru\athru\x64\debug\athru.tlog\link.command.1.tlog
c:\users\paul\documents\github\athru\athru\athru\x64\debug\athru.tlog\link.read.1.tlog
c:\users\paul\documents\github\athru\athru\athru\x64\debug\athru.tlog\link.write.1.tlog
