c:\users\paul\documents\github\athru\athru\athru rendering\renderlib\renderlib\x64\debug\renderlib.pdb
c:\users\paul\documents\github\athru\athru\athru rendering\renderlib\renderlib\x64\debug\renderlib.idb
c:\users\paul\documents\github\athru\athru\athru rendering\renderlib\renderlib\x64\debug\computeshader.obj
c:\users\paul\documents\github\athru\athru\athru rendering\renderlib\renderlib\x64\debug\gpurand.obj
c:\users\paul\documents\github\athru\athru\athru rendering\renderlib\renderlib\x64\debug\gpuservicecentre.obj
c:\users\paul\documents\github\athru\athru\athru rendering\renderlib\renderlib\x64\debug\pathtracer.obj
c:\users\paul\documents\github\athru\athru\athru rendering\renderlib\renderlib\x64\debug\postprocessor.obj
c:\users\paul\documents\github\athru\athru\athru rendering\renderlib\renderlib\x64\debug\raymarcher.obj
c:\users\paul\documents\github\athru\athru\athru rendering\renderlib\renderlib\x64\debug\rendermanager.obj
c:\users\paul\documents\github\athru\athru\athru rendering\renderlib\renderlib\x64\debug\gpuscenecourier.obj
c:\users\paul\documents\github\athru\athru\athru rendering\renderlib\renderlib\x64\debug\scenefigure.obj
c:\users\paul\documents\github\athru\athru\athru rendering\renderlib\renderlib\x64\debug\screenrect.obj
c:\users\paul\documents\github\athru\athru\athru rendering\renderlib\renderlib\x64\debug\camera.obj
c:\users\paul\documents\github\athru\athru\athru rendering\renderlib\renderlib\x64\debug\direct3d.obj
c:\users\paul\documents\github\athru\athru\athru rendering\renderlib\renderlib\x64\debug\mesh.obj
c:\users\paul\documents\github\athru\athru\athru rendering\renderlib\renderlib\x64\debug\screenpainter.obj
c:\users\paul\documents\github\athru\athru\athru rendering\renderlib\renderlib\x64\debug\screenvertex.obj
c:\users\paul\documents\github\athru\athru\athru rendering\renderlib\renderlib\x64\debug\pipelineshader.obj
c:\users\paul\documents\github\athru\athru\athru rendering\renderlib\renderlib\x64\debug\texturemanager.obj
c:\users\paul\documents\github\athru\athru\athru\pathtracer.cso
c:\users\paul\documents\github\athru\athru\athru\presentationcolors.cso
c:\users\paul\documents\github\athru\athru\athru\presentationverts.cso
c:\users\paul\documents\github\athru\athru\athru\scenevis.cso
c:\users\paul\documents\github\athru\athru\athru\postprocessor.cso
c:\users\paul\documents\github\athru\athru\athru rendering\renderlib\renderlib\x64\debug\renderlib.lib
c:\users\paul\documents\github\athru\athru\athru rendering\renderlib\renderlib\x64\debug\renderlib.tlog\cl.command.1.tlog
c:\users\paul\documents\github\athru\athru\athru rendering\renderlib\renderlib\x64\debug\renderlib.tlog\cl.read.1.tlog
c:\users\paul\documents\github\athru\athru\athru rendering\renderlib\renderlib\x64\debug\renderlib.tlog\cl.write.1.tlog
c:\users\paul\documents\github\athru\athru\athru rendering\renderlib\renderlib\x64\debug\renderlib.tlog\fxc.command.1.tlog
c:\users\paul\documents\github\athru\athru\athru rendering\renderlib\renderlib\x64\debug\renderlib.tlog\fxc.read.1.tlog
c:\users\paul\documents\github\athru\athru\athru rendering\renderlib\renderlib\x64\debug\renderlib.tlog\fxc.write.1.tlog
c:\users\paul\documents\github\athru\athru\athru rendering\renderlib\renderlib\x64\debug\renderlib.tlog\lib-link.read.1.tlog
c:\users\paul\documents\github\athru\athru\athru rendering\renderlib\renderlib\x64\debug\renderlib.tlog\lib-link.write.1.tlog
c:\users\paul\documents\github\athru\athru\athru rendering\renderlib\renderlib\x64\debug\renderlib.tlog\lib.command.1.tlog
c:\users\paul\documents\github\athru\athru\athru rendering\renderlib\renderlib\x64\debug\renderlib.tlog\renderlib.write.1u.tlog
