c:\users\pefer\documents\github\athru\athrurewrite\athru\athru\x64\debug\vc140.pdb
c:\users\pefer\documents\github\athru\athrurewrite\athru\athru\x64\debug\vc140.idb
c:\users\pefer\documents\github\athru\athrurewrite\athru\athru\x64\debug\athru.nativecodeanalysis.xml
c:\users\pefer\documents\github\athru\athrurewrite\athru\athru\x64\debug\galaxy.nativecodeanalysis.xml
c:\users\pefer\documents\github\athru\athrurewrite\athru\athru\x64\debug\hilevelservicecentre.nativecodeanalysis.xml
c:\users\pefer\documents\github\athru\athrurewrite\athru\athru\x64\debug\scene.nativecodeanalysis.xml
c:\users\pefer\documents\github\athru\athrurewrite\athru\athru\x64\debug\system.nativecodeanalysis.xml
c:\users\pefer\documents\github\athru\athrurewrite\athru\athru\x64\debug\system.obj
c:\users\pefer\documents\github\athru\athrurewrite\athru\athru\x64\debug\scene.obj
c:\users\pefer\documents\github\athru\athrurewrite\athru\athru\x64\debug\hilevelservicecentre.obj
c:\users\pefer\documents\github\athru\athrurewrite\athru\athru\x64\debug\galaxy.obj
c:\users\pefer\documents\github\athru\athrurewrite\athru\athru\x64\debug\athru.obj
c:\users\pefer\documents\github\athru\athrurewrite\athru\x64\debug\athru.ilk
c:\users\pefer\documents\github\athru\athrurewrite\athru\x64\debug\athru.exe
c:\users\pefer\documents\github\athru\athrurewrite\athru\x64\debug\athru.pdb
c:\users\pefer\documents\github\athru\athrurewrite\athru\athru\x64\debug\nativecodeanalysis.read.1.tlog
c:\users\pefer\documents\github\athru\athrurewrite\athru\athru\x64\debug\vc.nativecodeanalysis.all.xml
c:\users\pefer\documents\github\athru\athrurewrite\athru\x64\debug\athru.exe.lastcodeanalysissucceeded
c:\users\pefer\documents\github\athru\athrurewrite\athru\athru\x64\debug\athru.tlog\cl.command.1.tlog
c:\users\pefer\documents\github\athru\athrurewrite\athru\athru\x64\debug\athru.tlog\cl.read.1.tlog
c:\users\pefer\documents\github\athru\athrurewrite\athru\athru\x64\debug\athru.tlog\cl.write.1.tlog
c:\users\pefer\documents\github\athru\athrurewrite\athru\athru\x64\debug\athru.tlog\link.command.1.tlog
c:\users\pefer\documents\github\athru\athrurewrite\athru\athru\x64\debug\athru.tlog\link.read.1.tlog
c:\users\pefer\documents\github\athru\athrurewrite\athru\athru\x64\debug\athru.tlog\link.write.1.tlog
