c:\users\s171519\documents\github\athru\athrurewrite\athru maths\mathslib\mathslib\x64\debug\mathslib.pch
c:\users\s171519\documents\github\athru\athrurewrite\athru maths\mathslib\mathslib\x64\debug\mathslib.pdb
c:\users\s171519\documents\github\athru\athrurewrite\athru maths\mathslib\mathslib\x64\debug\mathslib.idb
c:\users\s171519\documents\github\athru\athrurewrite\athru maths\mathslib\mathslib\x64\debug\stdafx.obj
c:\users\s171519\documents\github\athru\athrurewrite\athru maths\mathslib\mathslib\x64\debug\line.obj
c:\users\s171519\documents\github\athru\athrurewrite\athru maths\mathslib\mathslib\x64\debug\matrix4.obj
c:\users\s171519\documents\github\athru\athrurewrite\athru maths\mathslib\mathslib\x64\debug\quaternion.obj
c:\users\s171519\documents\github\athru\athrurewrite\athru maths\mathslib\mathslib\x64\debug\sqttransformer.obj
c:\users\s171519\documents\github\athru\athrurewrite\athru maths\mathslib\mathslib\x64\debug\vector2.obj
c:\users\s171519\documents\github\athru\athrurewrite\athru maths\mathslib\mathslib\x64\debug\vector3.obj
c:\users\s171519\documents\github\athru\athrurewrite\athru maths\mathslib\mathslib\x64\debug\vector4.obj
c:\users\s171519\documents\github\athru\athrurewrite\athru\x64\debug\mathslib.lib
c:\users\s171519\documents\github\athru\athrurewrite\athru maths\mathslib\x64\debug\mathslib.pdb
c:\users\s171519\documents\github\athru\athrurewrite\athru maths\mathslib\x64\debug\mathslib.lib
c:\users\s171519\documents\github\athru\athrurewrite\athru maths\mathslib\mathslib\x64\debug\mathslib.tlog\cl.command.1.tlog
c:\users\s171519\documents\github\athru\athrurewrite\athru maths\mathslib\mathslib\x64\debug\mathslib.tlog\cl.read.1.tlog
c:\users\s171519\documents\github\athru\athrurewrite\athru maths\mathslib\mathslib\x64\debug\mathslib.tlog\cl.write.1.tlog
c:\users\s171519\documents\github\athru\athrurewrite\athru maths\mathslib\mathslib\x64\debug\mathslib.tlog\lib-link.read.1.tlog
c:\users\s171519\documents\github\athru\athrurewrite\athru maths\mathslib\mathslib\x64\debug\mathslib.tlog\lib-link.write.1.tlog
c:\users\s171519\documents\github\athru\athrurewrite\athru maths\mathslib\mathslib\x64\debug\mathslib.tlog\lib.command.1.tlog
